2021-03-03 18:35:51 [INFO ] [StartupInfoLogger.java]logStarting(55) : Starting MainApplication on Jerry-Mac.local with PID 3377 (/Users/jerrykim/IdeaProjects/boot/build/classes/java/main started by jerrykim in /Users/jerrykim/IdeaProjects/boot)
2021-03-03 18:35:51 [INFO ] [SpringApplication.java]logStartupProfileInfo(651) : No active profile set, falling back to default profiles: default
2021-03-03 18:35:53 [WARN ] [AbstractApplicationContext.java]refresh(558) : Exception encountered during context initialization - cancelling refresh attempt: org.springframework.beans.factory.BeanCreationException: Error creating bean with name 'tilesConfigurer' defined in class path resource [com/boot/config/TilesConfiguration.class]: Invocation of init method failed; nested exception is java.lang.IllegalArgumentException: No URL for ServletContext resource [/WEB-INF/config/tiles/tiles.xml]
2021-03-03 18:35:53 [ERROR] [SpringApplication.java]reportFailure(826) : Application run failed
org.springframework.beans.factory.BeanCreationException: Error creating bean with name 'tilesConfigurer' defined in class path resource [com/boot/config/TilesConfiguration.class]: Invocation of init method failed; nested exception is java.lang.IllegalArgumentException: No URL for ServletContext resource [/WEB-INF/config/tiles/tiles.xml]
	at org.springframework.beans.factory.support.AbstractAutowireCapableBeanFactory.initializeBean(AbstractAutowireCapableBeanFactory.java:1803)
	at org.springframework.beans.factory.support.AbstractAutowireCapableBeanFactory.doCreateBean(AbstractAutowireCapableBeanFactory.java:595)
	at org.springframework.beans.factory.support.AbstractAutowireCapableBeanFactory.createBean(AbstractAutowireCapableBeanFactory.java:517)
	at org.springframework.beans.factory.support.AbstractBeanFactory.lambda$doGetBean$0(AbstractBeanFactory.java:323)
	at org.springframework.beans.factory.support.DefaultSingletonBeanRegistry.getSingleton(DefaultSingletonBeanRegistry.java:222)
	at org.springframework.beans.factory.support.AbstractBeanFactory.doGetBean(AbstractBeanFactory.java:321)
	at org.springframework.beans.factory.support.AbstractBeanFactory.getBean(AbstractBeanFactory.java:202)
	at org.springframework.beans.factory.support.DefaultListableBeanFactory.preInstantiateSingletons(DefaultListableBeanFactory.java:879)
	at org.springframework.context.support.AbstractApplicationContext.finishBeanFactoryInitialization(AbstractApplicationContext.java:878)
	at org.springframework.context.support.AbstractApplicationContext.refresh(AbstractApplicationContext.java:550)
	at org.springframework.boot.web.servlet.context.ServletWebServerApplicationContext.refresh(ServletWebServerApplicationContext.java:141)
	at org.springframework.boot.SpringApplication.refresh(SpringApplication.java:747)
	at org.springframework.boot.SpringApplication.refreshContext(SpringApplication.java:397)
	at org.springframework.boot.SpringApplication.run(SpringApplication.java:315)
	at org.springframework.boot.SpringApplication.run(SpringApplication.java:1226)
	at org.springframework.boot.SpringApplication.run(SpringApplication.java:1215)
	at com.boot.MainApplication.main(MainApplication.java:24)
	at sun.reflect.NativeMethodAccessorImpl.invoke0(Native Method)
	at sun.reflect.NativeMethodAccessorImpl.invoke(NativeMethodAccessorImpl.java:62)
	at sun.reflect.DelegatingMethodAccessorImpl.invoke(DelegatingMethodAccessorImpl.java:43)
	at java.lang.reflect.Method.invoke(Method.java:498)
	at org.springframework.boot.devtools.restart.RestartLauncher.run(RestartLauncher.java:49)
Caused by: java.lang.IllegalArgumentException: No URL for ServletContext resource [/WEB-INF/config/tiles/tiles.xml]
	at org.springframework.web.servlet.view.tiles3.SpringWildcardServletTilesApplicationContext.getResources(SpringWildcardServletTilesApplicationContext.java:100)
	at org.springframework.web.servlet.view.tiles3.TilesConfigurer$SpringTilesContainerFactory.getSources(TilesConfigurer.java:316)
	at org.apache.tiles.factory.BasicTilesContainerFactory.createLocaleDefinitionDao(BasicTilesContainerFactory.java:182)
	at org.apache.tiles.factory.BasicTilesContainerFactory.createDefinitionsFactory(BasicTilesContainerFactory.java:137)
	at org.springframework.web.servlet.view.tiles3.TilesConfigurer$SpringTilesContainerFactory.createDefinitionsFactory(TilesConfigurer.java:364)
	at org.apache.tiles.factory.BasicTilesContainerFactory.createContainer(BasicTilesContainerFactory.java:86)
	at org.apache.tiles.startup.AbstractTilesInitializer.createContainer(AbstractTilesInitializer.java:114)
	at org.apache.tiles.startup.AbstractTilesInitializer.initialize(AbstractTilesInitializer.java:64)
	at org.springframework.web.servlet.view.tiles3.TilesConfigurer.afterPropertiesSet(TilesConfigurer.java:280)
	at org.springframework.beans.factory.support.AbstractAutowireCapableBeanFactory.invokeInitMethods(AbstractAutowireCapableBeanFactory.java:1862)
	at org.springframework.beans.factory.support.AbstractAutowireCapableBeanFactory.initializeBean(AbstractAutowireCapableBeanFactory.java:1799)
	... 21 common frames omitted
Caused by: java.io.FileNotFoundException: ServletContext resource [/WEB-INF/config/tiles/tiles.xml] cannot be resolved to URL because it does not exist
	at org.springframework.web.context.support.ServletContextResource.getURL(ServletContextResource.java:174)
	at org.springframework.web.servlet.view.tiles3.SpringWildcardServletTilesApplicationContext.getResources(SpringWildcardServletTilesApplicationContext.java:95)
	... 31 common frames omitted
2021-03-03 18:38:24 [INFO ] [StartupInfoLogger.java]logStarting(55) : Starting MainApplication on Jerry-Mac.local with PID 3399 (/Users/jerrykim/IdeaProjects/boot/build/classes/java/main started by jerrykim in /Users/jerrykim/IdeaProjects/boot)
2021-03-03 18:38:24 [INFO ] [SpringApplication.java]logStartupProfileInfo(651) : No active profile set, falling back to default profiles: default
2021-03-03 18:38:26 [INFO ] [StartupInfoLogger.java]logStarted(61) : Started MainApplication in 2.524 seconds (JVM running for 3.17)
